<?xml version="1.0" encoding="UTF-8"?>
<coverage generated="1736453058959" clover="3.2.0">
  <project timestamp="1736453058959" name="All files">
    <metrics statements="73" coveredstatements="71" conditionals="14" coveredconditionals="12" methods="18" coveredmethods="18" elements="105" coveredelements="101" complexity="0" loc="73" ncloc="73" packages="2" files="4" classes="4"/>
    <package name="Whisper-app">
      <metrics statements="55" coveredstatements="55" conditionals="10" coveredconditionals="10" methods="12" coveredmethods="12"/>
      <file name="database.js" path="/Users/yllartferizi/Fakulltet/NodeJs-Jurney/Whispers-app/Whisper-app/database.js">
        <metrics statements="5" coveredstatements="5" conditionals="0" coveredconditionals="0" methods="1" coveredmethods="1"/>
        <line num="2" count="1" type="stmt"/>
        <line num="5" count="36" type="stmt"/>
        <line num="6" count="36" type="stmt"/>
        <line num="10" count="1" type="stmt"/>
        <line num="13" count="1" type="stmt"/>
      </file>
      <file name="server.js" path="/Users/yllartferizi/Fakulltet/NodeJs-Jurney/Whispers-app/Whisper-app/server.js">
        <metrics statements="40" coveredstatements="40" conditionals="10" coveredconditionals="10" methods="6" coveredmethods="6"/>
        <line num="6" count="1" type="stmt"/>
        <line num="8" count="1" type="stmt"/>
        <line num="11" count="1" type="stmt"/>
        <line num="13" count="1" type="stmt"/>
        <line num="15" count="1" type="stmt"/>
        <line num="16" count="1" type="stmt"/>
        <line num="17" count="1" type="stmt"/>
        <line num="23" count="1" type="stmt"/>
        <line num="24" count="2" type="stmt"/>
        <line num="25" count="2" type="stmt"/>
        <line num="28" count="1" type="stmt"/>
        <line num="29" count="2" type="stmt"/>
        <line num="30" count="2" type="stmt"/>
        <line num="31" count="2" type="cond" truecount="2" falsecount="0"/>
        <line num="32" count="1" type="stmt"/>
        <line num="34" count="1" type="stmt"/>
        <line num="39" count="1" type="stmt"/>
        <line num="40" count="3" type="stmt"/>
        <line num="41" count="3" type="cond" truecount="2" falsecount="0"/>
        <line num="42" count="2" type="stmt"/>
        <line num="44" count="1" type="stmt"/>
        <line num="45" count="1" type="stmt"/>
        <line num="50" count="1" type="stmt"/>
        <line num="51" count="4" type="stmt"/>
        <line num="52" count="4" type="stmt"/>
        <line num="53" count="4" type="cond" truecount="2" falsecount="0"/>
        <line num="54" count="2" type="stmt"/>
        <line num="56" count="2" type="stmt"/>
        <line num="57" count="2" type="cond" truecount="2" falsecount="0"/>
        <line num="58" count="1" type="stmt"/>
        <line num="60" count="1" type="stmt"/>
        <line num="61" count="1" type="stmt"/>
        <line num="67" count="1" type="stmt"/>
        <line num="68" count="2" type="stmt"/>
        <line num="69" count="2" type="stmt"/>
        <line num="70" count="2" type="cond" truecount="2" falsecount="0"/>
        <line num="71" count="1" type="stmt"/>
        <line num="72" count="1" type="stmt"/>
        <line num="74" count="1" type="stmt"/>
        <line num="75" count="1" type="stmt"/>
      </file>
      <file name="store.js" path="/Users/yllartferizi/Fakulltet/NodeJs-Jurney/Whispers-app/Whisper-app/store.js">
        <metrics statements="10" coveredstatements="10" conditionals="0" coveredconditionals="0" methods="5" coveredmethods="5"/>
        <line num="6" count="3" type="stmt"/>
        <line num="9" count="9" type="stmt"/>
        <line num="11" count="1" type="stmt"/>
        <line num="12" count="1" type="stmt"/>
        <line num="13" count="1" type="stmt"/>
        <line num="14" count="1" type="stmt"/>
        <line num="17" count="1" type="stmt"/>
        <line num="18" count="1" type="stmt"/>
        <line num="21" count="1" type="stmt"/>
        <line num="22" count="1" type="stmt"/>
      </file>
    </package>
    <package name="Whisper-app.tests">
      <metrics statements="18" coveredstatements="16" conditionals="4" coveredconditionals="2" methods="6" coveredmethods="6"/>
      <file name="utils.js" path="/Users/yllartferizi/Fakulltet/NodeJs-Jurney/Whispers-app/Whisper-app/tests/utils.js">
        <metrics statements="18" coveredstatements="16" conditionals="4" coveredconditionals="2" methods="6" coveredmethods="6"/>
        <line num="4" count="1" type="stmt"/>
        <line num="5" count="1" type="stmt"/>
        <line num="6" count="1" type="cond" truecount="1" falsecount="1"/>
        <line num="7" count="1" type="stmt"/>
        <line num="10" count="0" type="stmt"/>
        <line num="11" count="0" type="stmt"/>
        <line num="14" count="1" type="stmt"/>
        <line num="15" count="1" type="cond" truecount="1" falsecount="1"/>
        <line num="16" count="1" type="stmt"/>
        <line num="19" count="15" type="stmt"/>
        <line num="20" count="14" type="stmt"/>
        <line num="22" count="1" type="stmt"/>
        <line num="23" count="14" type="stmt"/>
        <line num="24" count="14" type="stmt"/>
        <line num="25" count="14" type="stmt"/>
        <line num="26" count="14" type="stmt"/>
        <line num="27" count="14" type="stmt"/>
        <line num="30" count="2" type="stmt"/>
      </file>
    </package>
  </project>
</coverage>
