TN:
SF:database.js
FN:4,(anonymous_0)
FNF:1
FNH:1
FNDA:36,(anonymous_0)
DA:2,1
DA:5,36
DA:6,36
DA:10,1
DA:13,1
LF:5
LH:5
BRF:0
BRH:0
end_of_record
TN:
SF:server.js
FN:15,(anonymous_0)
FN:23,(anonymous_1)
FN:28,(anonymous_2)
FN:39,(anonymous_3)
FN:50,(anonymous_4)
FN:67,(anonymous_5)
FNF:6
FNH:6
FNDA:1,(anonymous_0)
FNDA:2,(anonymous_1)
FNDA:2,(anonymous_2)
FNDA:3,(anonymous_3)
FNDA:4,(anonymous_4)
FNDA:2,(anonymous_5)
DA:6,1
DA:8,1
DA:11,1
DA:13,1
DA:15,1
DA:16,1
DA:17,1
DA:23,1
DA:24,2
DA:25,2
DA:28,1
DA:29,2
DA:30,2
DA:31,2
DA:32,1
DA:34,1
DA:39,1
DA:40,3
DA:41,3
DA:42,2
DA:44,1
DA:45,1
DA:50,1
DA:51,4
DA:52,4
DA:53,4
DA:54,2
DA:56,2
DA:57,2
DA:58,1
DA:60,1
DA:61,1
DA:67,1
DA:68,2
DA:69,2
DA:70,2
DA:71,1
DA:72,1
DA:74,1
DA:75,1
LF:40
LH:40
BRDA:31,0,0,1
BRDA:31,0,1,1
BRDA:41,1,0,2
BRDA:41,1,1,1
BRDA:53,2,0,2
BRDA:53,2,1,2
BRDA:57,3,0,1
BRDA:57,3,1,1
BRDA:70,4,0,1
BRDA:70,4,1,1
BRF:10
BRH:10
end_of_record
TN:
SF:store.js
FN:6,(anonymous_0)
FN:9,(anonymous_1)
FN:11,(anonymous_2)
FN:17,(anonymous_3)
FN:21,(anonymous_4)
FNF:5
FNH:5
FNDA:3,(anonymous_0)
FNDA:9,(anonymous_1)
FNDA:1,(anonymous_2)
FNDA:1,(anonymous_3)
FNDA:1,(anonymous_4)
DA:6,3
DA:9,9
DA:11,1
DA:12,1
DA:13,1
DA:14,1
DA:17,1
DA:18,1
DA:21,1
DA:22,1
LF:10
LH:10
BRF:0
BRH:0
end_of_record
TN:
SF:tests/utils.js
FN:4,(anonymous_0)
FN:14,(anonymous_1)
FN:19,(anonymous_2)
FN:20,(anonymous_3)
FN:22,(anonymous_4)
FN:30,(anonymous_5)
FNF:6
FNH:6
FNDA:1,(anonymous_0)
FNDA:1,(anonymous_1)
FNDA:15,(anonymous_2)
FNDA:14,(anonymous_3)
FNDA:14,(anonymous_4)
FNDA:2,(anonymous_5)
DA:4,1
DA:5,1
DA:6,1
DA:7,1
DA:10,0
DA:11,0
DA:14,1
DA:15,1
DA:16,1
DA:19,15
DA:20,14
DA:22,1
DA:23,14
DA:24,14
DA:25,14
DA:26,14
DA:27,14
DA:30,2
LF:18
LH:16
BRDA:6,0,0,1
BRDA:6,0,1,0
BRDA:15,1,0,1
BRDA:15,1,1,0
BRF:4
BRH:2
end_of_record
